..\bin\MusicRecognition.ilk
..\bin\MusicRecognition.pdb
E:\RicciRepoDir\MusicRecognition\MusicRecognition\..\bin\MusicRecognition.exe
E:\RicciRepoDir\MusicRecognition\MusicRecognition\obj\cl.command.1.tlog
E:\RicciRepoDir\MusicRecognition\MusicRecognition\obj\CL.read.1.tlog
E:\RicciRepoDir\MusicRecognition\MusicRecognition\obj\CL.write.1.tlog
E:\RicciRepoDir\MusicRecognition\MusicRecognition\obj\FastFourierTransform.obj
E:\RicciRepoDir\MusicRecognition\MusicRecognition\obj\link.command.1.tlog
E:\RicciRepoDir\MusicRecognition\MusicRecognition\obj\link.read.1.tlog
E:\RicciRepoDir\MusicRecognition\MusicRecognition\obj\link.write.1.tlog
E:\RicciRepoDir\MusicRecognition\MusicRecognition\obj\mt.command.1.tlog
E:\RicciRepoDir\MusicRecognition\MusicRecognition\obj\mt.read.1.tlog
E:\RicciRepoDir\MusicRecognition\MusicRecognition\obj\mt.write.1.tlog
E:\RicciRepoDir\MusicRecognition\MusicRecognition\obj\MusicRecognition.exe.intermediate.manifest
E:\RicciRepoDir\MusicRecognition\MusicRecognition\obj\vc100.idb
E:\RicciRepoDir\MusicRecognition\MusicRecognition\obj\vc100.pdb
E:\RicciRepoDir\MusicRecognition\MusicRecognition\obj\WaveFileParser.obj
E:\工作目录\HAOYIN\C++\MUSICRECOGNITION\BIN\MUSICRECOGNITION.EXE
E:\工作目录\HAOYIN\C++\MUSICRECOGNITION\BIN\MUSICRECOGNITION.ILK
E:\工作目录\HAOYIN\C++\MUSICRECOGNITION\BIN\MUSICRECOGNITION.PDB
E:\工作目录\HAOYIN\C++\MUSICRECOGNITION\MUSICRECOGNITION\OBJ\FASTFOURIERTRANSFORM.OBJ
E:\工作目录\HAOYIN\C++\MUSICRECOGNITION\MUSICRECOGNITION\OBJ\MUSICRECOGNITION.EXE.INTERMEDIATE.MANIFEST
E:\工作目录\HAOYIN\C++\MUSICRECOGNITION\MUSICRECOGNITION\OBJ\VC100.PDB
E:\工作目录\HAOYIN\C++\MUSICRECOGNITION\MUSICRECOGNITION\OBJ\WAVEFILEPARSER.OBJ
